~/FAMULS/tools/bin/i686-pc-linux-gnu/vdt2famuls.sh brain5000.vdt brain5000

function "-0.02*ghw((((-1.3+x)^2)+((-1.3+y)^2)+((-23.7+z)^2))/2)" "-.8*ghw((((-1.3+x)^2)+((-1.3+y)^2)+((-23.7+z)^2))/8)" "-0.4*ghw((((-1.3+x)^2)+((-1.3+y)^2)+((-23.7+z)^2))/4)" 


a.out brain5000 -nadapt 4 -pc_type bjacobi -ksp_type gmres -log_info -mat_view_draw
[0]PetscCommDuplicate_Private: Duplicating a communicator 1 1 max tags = 100000000
[0]PetscInitialize:PETSc successfully started: number of processors = 1
[0]PetscInitialize:Running on machine: localhost.
Starting applying ebc
applying ebc done: 33.89 [s]
Starting 
Starting transfer of initial u
Estimated nz_per_row as 1 (1000 / 498)
transfer of initial u done: 0.83 [s]
Starting 
Starting stiffness assembly
[0]MatAssemblyEnd_SeqAIJ:Matrix size: 498 X 498; storage space: 25587 unneeded,14598 used
[0]MatAssemblyEnd_SeqAIJ:Number of mallocs during MatSetValues() is 0
[0]MatAssemblyEnd_SeqAIJ:Most nonzeros in any row is 54
[0]Mat_AIJ_CheckInode: Found 166 nodes of 498. Limit used: 5. Using Inode routines
[0]DrawSetUpColormap_Shared:Successfully allocated colors
stiffness assembly done: 0.35 [s]
Starting 
Starting load assembly
load assembly done: 0.52 [s]
Starting 
Starting solve
[0]PCSetUp:Setting up new PC
[0]PCSetUp:Setting up new PC
[0]Mat_AIJ_CheckInode: Found 166 nodes of 498. Limit used: 5. Using Inode routines
solve done: 0.05 [s]
Starting 
Writing brain5000.hvu
Adaptation cycle 0
Starting applying ebc
applying ebc done: 43.05 [s]
Starting 
Starting transfer of initial u
Estimated nz_per_row as 0.452284 (1000 / 2211)
transfer of initial u done: 1.41 [s]
Starting 
Starting stiffness assembly
[0]MatAssemblyEnd_SeqAIJ:Matrix size: 2211 X 2211; storage space: 53829 unneeded,68769 used
[0]MatAssemblyEnd_SeqAIJ:Number of mallocs during MatSetValues() is 0
[0]MatAssemblyEnd_SeqAIJ:Most nonzeros in any row is 129
[0]Mat_AIJ_CheckInode: Found 737 nodes of 2211. Limit used: 5. Using Inode routines
stiffness assembly done: 0.88 [s]
Starting 
Starting load assembly
load assembly done: 0.96 [s]
Starting 
Starting solve
[0]PCSetUp:Setting up new PC
[0]PCSetUp:Setting up new PC
[0]Mat_AIJ_CheckInode: Found 737 nodes of 2211. Limit used: 5. Using Inode routines
solve done: 0.29 [s]
Starting 
Writing brain5000-adapt0.hvu
   Total of unknowns 11301
Adaptation cycle 1
Starting applying ebc
applying ebc done: 53.34 [s]
Starting 
Starting transfer of initial u
Estimated nz_per_row as 0.221926 (1000 / 4506)
transfer of initial u done: 2.21 [s]
Starting 
Starting stiffness assembly
[0]MatAssemblyEnd_SeqAIJ:Matrix size: 4506 X 4506; storage space: 73287 unneeded,180378 used
[0]MatAssemblyEnd_SeqAIJ:Number of mallocs during MatSetValues() is 0
[0]MatAssemblyEnd_SeqAIJ:Most nonzeros in any row is 222
[0]Mat_AIJ_CheckInode: Found 1502 nodes of 4506. Limit used: 5. Using Inode routines
stiffness assembly done: 1.93 [s]
Starting 
Starting load assembly
load assembly done: 1.32 [s]
Starting 
Starting solve
[0]PCSetUp:Setting up new PC
[0]PCSetUp:Setting up new PC
[0]Mat_AIJ_CheckInode: Found 1502 nodes of 4506. Limit used: 5. Using Inode routines
solve done: 1.13 [s]
Starting 
Writing brain5000-adapt1.hvu
   Total of unknowns 14031
Adaptation cycle 2
Starting applying ebc
applying ebc done: 65.7 [s]
Starting 
Starting transfer of initial u
Estimated nz_per_row as 0.141784 (1000 / 7053)
transfer of initial u done: 2.93 [s]
Starting 
Starting stiffness assembly
[0]MatAssemblyEnd_SeqAIJ:Matrix size: 7053 X 7053; storage space: 95400 unneeded,295803 used
[0]MatAssemblyEnd_SeqAIJ:Number of mallocs during MatSetValues() is 0
[0]MatAssemblyEnd_SeqAIJ:Most nonzeros in any row is 207
[0]Mat_AIJ_CheckInode: Found 2351 nodes of 7053. Limit used: 5. Using Inode routines
stiffness assembly done: 2.98 [s]
Starting 
Starting load assembly
load assembly done: 1.75 [s]
Starting 
Starting solve
[0]PCSetUp:Setting up new PC
[0]PCSetUp:Setting up new PC
[0]Mat_AIJ_CheckInode: Found 2351 nodes of 7053. Limit used: 5. Using Inode routines
solve done: 2.08 [s]
Starting 
Writing brain5000-adapt2.hvu
   Total of unknowns 17142
Adaptation cycle 3
Starting applying ebc
applying ebc done: 77.28 [s]
Starting 
Starting transfer of initial u
Estimated nz_per_row as 0.103972 (1000 / 9618)
transfer of initial u done: 3.66 [s]
Starting 
Starting stiffness assembly
[0]MatAssemblyEnd_SeqAIJ:Matrix size: 9618 X 9618; storage space: 115830 unneeded,405414 used
[0]MatAssemblyEnd_SeqAIJ:Number of mallocs during MatSetValues() is 0
[0]MatAssemblyEnd_SeqAIJ:Most nonzeros in any row is 234
[0]Mat_AIJ_CheckInode: Found 3206 nodes of 9618. Limit used: 5. Using Inode routines
stiffness assembly done: 4.12 [s]
Starting 
Starting load assembly
load assembly done: 2.04 [s]
Starting 
Starting solve
[0]PCSetUp:Setting up new PC
[0]PCSetUp:Setting up new PC
[0]Mat_AIJ_CheckInode: Found 3206 nodes of 9618. Limit used: 5. Using Inode routines
solve done: 3.71 [s]
Starting 
Writing brain5000-adapt3.hvu
   Total of unknowns 20265
WARNING! There are options you set that were not used!
WARNING! could be spelling mistake, etc!
Option left: name:-nadapt value: 4
[0]PetscCommDestroy_Private:Deleting MPI_Comm 1
[0]Petsc_DelTag:Deleting tag data in an MPI_Comm 1
[0]PetscFinalize:PETSc successfully ended!
[pkrysl@localhost threedt4]$   



a.out brain5000bl -pc_type bjacobi -ksp_type gmres -ksp_rtol 1e-2